<?xml version="1.0" encoding="UTF-8"?>
<!-- Generated by org.testng.reporters.JUnitReportReporter -->
<testsuite hostname="VamsiRoyal" failures="0" tests="1" name="TestNG_Class_AutomateTestcase.TestNG_PopUp_HandlingScripting" time="9.337" errors="0" timestamp="2025-01-30T09:31:07 IST" skipped="0">
  <testcase classname="TestNG_Class_AutomateTestcase.TestNG_PopUp_HandlingScripting" name="PopUp" time="9.337"/>
  <system-out/>
</testsuite> <!-- TestNG_Class_AutomateTestcase.TestNG_PopUp_HandlingScripting -->
