<?xml version="1.0" encoding="UTF-8"?>
<!-- Generated by org.testng.reporters.JUnitReportReporter -->
<testsuite hostname="VamsiRoyal" failures="0" tests="3" name="TestNG_Class_AutomateTestcase.TestNG_Features_Scripting" time="21.251" errors="0" timestamp="2025-01-28T18:18:16 IST" skipped="0">
  <testcase classname="TestNG_Class_AutomateTestcase.TestNG_Features_Scripting" name="JpetStoreLaunch" time="3.152"/>
  <system-out/>
  <testcase classname="TestNG_Class_AutomateTestcase.TestNG_Features_Scripting" name="JpetStoreEnterCredentials" time="12.083"/>
  <system-out/>
  <testcase classname="TestNG_Class_AutomateTestcase.TestNG_Features_Scripting" name="OECLogin" time="6.016"/>
  <system-out/>
</testsuite> <!-- TestNG_Class_AutomateTestcase.TestNG_Features_Scripting -->
