<?xml version="1.0" encoding="UTF-8"?>
<!-- Generated by org.testng.reporters.JUnitReportReporter -->
<testsuite hostname="VamsiRoyal" failures="0" tests="1" name="TestNG_Class_AutomateTestcase.TestNG_FileUpload_Scripting" time="31.978" errors="0" timestamp="2025-02-03T17:48:59 IST" skipped="0">
  <testcase classname="TestNG_Class_AutomateTestcase.TestNG_FileUpload_Scripting" name="fileUpload" time="31.978"/>
  <system-out/>
</testsuite> <!-- TestNG_Class_AutomateTestcase.TestNG_FileUpload_Scripting -->
