<?xml version="1.0" encoding="UTF-8"?>
<!-- Generated by org.testng.reporters.JUnitReportReporter -->
<testsuite hostname="VamsiRoyal" failures="0" tests="1" name="TestNG_Class_AutomateTestcase.TestNG_DropDown_Selection_Scripting" time="10.075" errors="0" timestamp="2025-01-28T19:09:28 IST" skipped="0">
  <testcase classname="TestNG_Class_AutomateTestcase.TestNG_DropDown_Selection_Scripting" name="Redmine" time="10.075"/>
  <system-out/>
</testsuite> <!-- TestNG_Class_AutomateTestcase.TestNG_DropDown_Selection_Scripting -->
