<?xml version="1.0" encoding="UTF-8"?>
<!-- Generated by org.testng.reporters.JUnitReportReporter -->
<testsuite hostname="VamsiRoyal" failures="0" tests="2" name="TestNG_Class_AutomateTestcase.TestNG_TimeOut_Scripting" time="8.604" errors="0" timestamp="2025-01-28T18:18:16 IST" skipped="0">
  <testcase classname="TestNG_Class_AutomateTestcase.TestNG_TimeOut_Scripting" name="Facebook" time="5.196"/>
  <system-out/>
  <testcase classname="TestNG_Class_AutomateTestcase.TestNG_TimeOut_Scripting" name="Jpetstore" time="3.408"/>
  <system-out/>
</testsuite> <!-- TestNG_Class_AutomateTestcase.TestNG_TimeOut_Scripting -->
